2024-06-27 11:37:07.369 [http-nio-8088-exec-8] ERROR com.sisi.control.utils.log.LogHelper - Exception:
Cannot invoke "com.sisi.control.utils.token.TokenUtil.containsToken(String)" because "this.tokenUtil" is null
2024-06-27 11:38:02.022 [http-nio-8088-exec-1] ERROR com.sisi.control.utils.log.LogHelper - Exception:
Cannot invoke "com.sisi.control.utils.token.TokenUtil.containsToken(String)" because "this.tokenUtil" is null
2024-06-27 11:38:22.443 [http-nio-8088-exec-2] ERROR com.sisi.control.utils.log.LogHelper - Exception:
Cannot invoke "com.sisi.control.utils.token.TokenUtil.containsToken(String)" because "this.tokenUtil" is null
2024-06-27 11:38:45.084 [http-nio-8088-exec-3] ERROR com.sisi.control.utils.log.LogHelper - Exception:
Cannot invoke "com.sisi.control.utils.token.TokenUtil.containsToken(String)" because "this.tokenUtil" is null
2024-06-27 11:39:38.737 [http-nio-8088-exec-2] ERROR com.sisi.control.utils.log.LogHelper - Exception:
Cannot invoke "com.sisi.control.utils.token.TokenUtil.containsToken(String)" because "this.tokenUtil" is null
2024-06-27 11:42:02.521 [http-nio-8088-exec-2] ERROR com.sisi.control.utils.log.LogHelper - Exception:
Cannot invoke "com.sisi.control.utils.token.TokenUtil.containsToken(String)" because "this.tokenUtil" is null
2024-06-27 14:13:23.906 [http-nio-8088-exec-4] ERROR com.sisi.control.utils.log.LogHelper - Exception:
Cannot parse null string
2024-06-27 14:14:40.237 [http-nio-8088-exec-5] ERROR com.sisi.control.utils.log.LogHelper - Exception:
Cannot parse null string
2024-06-27 14:18:33.823 [http-nio-8088-exec-7] ERROR com.sisi.control.utils.log.LogHelper - Exception:
Cannot parse null string
2024-06-27 14:24:47.624 [http-nio-8088-exec-2] ERROR com.sisi.control.utils.log.LogHelper - Exception:
JSON parse error: Cannot deserialize value of type `java.lang.String` from Array value (token `JsonToken.START_ARRAY`)
2024-06-27 14:35:52.247 [http-nio-8088-exec-2] ERROR com.sisi.control.utils.log.LogHelper - Exception:
JSON parse error: Cannot deserialize value of type `java.lang.String` from Array value (token `JsonToken.START_ARRAY`)
2024-06-27 14:38:19.186 [http-nio-8088-exec-2] ERROR com.sisi.control.utils.log.LogHelper - Exception:
JSON parse error: Cannot deserialize value of type `java.util.Date` from String "2024/06/11": not a valid representation (error: Failed to parse Date value '2024/06/11': Cannot parse date "2024/06/11": not compatible with any of standard forms ("yyyy-MM-dd'T'HH:mm:ss.SSSX", "yyyy-MM-dd'T'HH:mm:ss.SSS", "EEE, dd MMM yyyy HH:mm:ss zzz", "yyyy-MM-dd"))
2024-06-27 14:39:35.438 [http-nio-8088-exec-3] ERROR com.sisi.control.utils.log.LogHelper - Exception:
JSON parse error: Cannot deserialize value of type `java.util.Date` from String "yyyy-06-We": not a valid representation (error: Failed to parse Date value 'yyyy-06-We': Cannot parse date "yyyy-06-We": not compatible with any of standard forms ("yyyy-MM-dd'T'HH:mm:ss.SSSX", "yyyy-MM-dd'T'HH:mm:ss.SSS", "EEE, dd MMM yyyy HH:mm:ss zzz", "yyyy-MM-dd"))
2024-06-27 15:06:21.075 [http-nio-8088-exec-10] ERROR com.sisi.control.utils.log.LogHelper - Exception:
Required request body is missing: public com.sisi.control.model.response.Response<com.sisi.control.model.PageView<com.sisi.control.model.task.TaskVo>> com.sisi.control.control.TaskControl.getList(com.sisi.control.model.task.TaskSearchParam)
2024-06-27 15:09:52.269 [http-nio-8088-exec-5] ERROR com.sisi.control.utils.log.LogHelper - Exception:
Request method 'POST' is not supported
2024-06-27 15:09:53.160 [http-nio-8088-exec-6] ERROR com.sisi.control.utils.log.LogHelper - Exception:
Request method 'POST' is not supported
2024-06-27 15:11:45.004 [http-nio-8088-exec-5] ERROR com.sisi.control.utils.log.LogHelper - Exception:
Page size must not be less than one
2024-06-27 15:11:49.759 [http-nio-8088-exec-6] ERROR com.sisi.control.utils.log.LogHelper - Exception:
Page size must not be less than one
2024-06-27 15:15:23.027 [http-nio-8088-exec-7] ERROR com.sisi.control.utils.log.LogHelper - Exception:
Page size must not be less than one
