2024-06-26 16:41:52.518 [main] WARN  org.springframework.boot.autoconfigure.orm.jpa.JpaBaseConfiguration$JpaWebConfiguration - spring.jpa.open-in-view is enabled by default. Therefore, database queries may be performed during view rendering. Explicitly configure spring.jpa.open-in-view to disable this warning
2024-06-26 16:44:51.734 [main] WARN  org.springframework.boot.autoconfigure.orm.jpa.JpaBaseConfiguration$JpaWebConfiguration - spring.jpa.open-in-view is enabled by default. Therefore, database queries may be performed during view rendering. Explicitly configure spring.jpa.open-in-view to disable this warning
2024-06-26 16:45:21.251 [main] WARN  org.springframework.boot.autoconfigure.orm.jpa.JpaBaseConfiguration$JpaWebConfiguration - spring.jpa.open-in-view is enabled by default. Therefore, database queries may be performed during view rendering. Explicitly configure spring.jpa.open-in-view to disable this warning
2024-06-27 10:19:21.857 [main] WARN  org.springframework.boot.autoconfigure.orm.jpa.JpaBaseConfiguration$JpaWebConfiguration - spring.jpa.open-in-view is enabled by default. Therefore, database queries may be performed during view rendering. Explicitly configure spring.jpa.open-in-view to disable this warning
2024-06-27 11:37:07.369 [http-nio-8088-exec-8] ERROR com.sisi.control.utils.log.LogHelper - Exception:
Cannot invoke "com.sisi.control.utils.token.TokenUtil.containsToken(String)" because "this.tokenUtil" is null
2024-06-27 11:38:02.022 [http-nio-8088-exec-1] ERROR com.sisi.control.utils.log.LogHelper - Exception:
Cannot invoke "com.sisi.control.utils.token.TokenUtil.containsToken(String)" because "this.tokenUtil" is null
2024-06-27 11:38:22.443 [http-nio-8088-exec-2] ERROR com.sisi.control.utils.log.LogHelper - Exception:
Cannot invoke "com.sisi.control.utils.token.TokenUtil.containsToken(String)" because "this.tokenUtil" is null
2024-06-27 11:38:45.084 [http-nio-8088-exec-3] ERROR com.sisi.control.utils.log.LogHelper - Exception:
Cannot invoke "com.sisi.control.utils.token.TokenUtil.containsToken(String)" because "this.tokenUtil" is null
2024-06-27 11:38:52.179 [main] WARN  org.springframework.boot.autoconfigure.orm.jpa.JpaBaseConfiguration$JpaWebConfiguration - spring.jpa.open-in-view is enabled by default. Therefore, database queries may be performed during view rendering. Explicitly configure spring.jpa.open-in-view to disable this warning
2024-06-27 11:39:38.737 [http-nio-8088-exec-2] ERROR com.sisi.control.utils.log.LogHelper - Exception:
Cannot invoke "com.sisi.control.utils.token.TokenUtil.containsToken(String)" because "this.tokenUtil" is null
2024-06-27 11:41:42.542 [main] WARN  org.springframework.boot.autoconfigure.orm.jpa.JpaBaseConfiguration$JpaWebConfiguration - spring.jpa.open-in-view is enabled by default. Therefore, database queries may be performed during view rendering. Explicitly configure spring.jpa.open-in-view to disable this warning
2024-06-27 11:42:02.521 [http-nio-8088-exec-2] ERROR com.sisi.control.utils.log.LogHelper - Exception:
Cannot invoke "com.sisi.control.utils.token.TokenUtil.containsToken(String)" because "this.tokenUtil" is null
2024-06-27 11:43:43.958 [main] WARN  org.springframework.boot.autoconfigure.orm.jpa.JpaBaseConfiguration$JpaWebConfiguration - spring.jpa.open-in-view is enabled by default. Therefore, database queries may be performed during view rendering. Explicitly configure spring.jpa.open-in-view to disable this warning
2024-06-27 11:45:16.379 [main] WARN  org.springframework.boot.autoconfigure.orm.jpa.JpaBaseConfiguration$JpaWebConfiguration - spring.jpa.open-in-view is enabled by default. Therefore, database queries may be performed during view rendering. Explicitly configure spring.jpa.open-in-view to disable this warning
2024-06-27 11:45:55.665 [HikariPool-1 housekeeper] WARN  com.zaxxer.hikari.pool.HikariPool - HikariPool-1 - Thread starvation or clock leap detected (housekeeper delta=45s113ms393µs100ns).
2024-06-27 11:52:38.995 [main] WARN  org.springframework.boot.autoconfigure.orm.jpa.JpaBaseConfiguration$JpaWebConfiguration - spring.jpa.open-in-view is enabled by default. Therefore, database queries may be performed during view rendering. Explicitly configure spring.jpa.open-in-view to disable this warning
2024-06-27 11:55:10.158 [main] WARN  org.springframework.boot.autoconfigure.orm.jpa.JpaBaseConfiguration$JpaWebConfiguration - spring.jpa.open-in-view is enabled by default. Therefore, database queries may be performed during view rendering. Explicitly configure spring.jpa.open-in-view to disable this warning
2024-06-27 14:13:23.906 [http-nio-8088-exec-4] ERROR com.sisi.control.utils.log.LogHelper - Exception:
Cannot parse null string
2024-06-27 14:14:40.235 [HikariPool-1 housekeeper] WARN  com.zaxxer.hikari.pool.HikariPool - HikariPool-1 - Thread starvation or clock leap detected (housekeeper delta=55s396ms492µs300ns).
2024-06-27 14:14:40.237 [http-nio-8088-exec-5] ERROR com.sisi.control.utils.log.LogHelper - Exception:
Cannot parse null string
2024-06-27 14:18:33.821 [HikariPool-1 housekeeper] WARN  com.zaxxer.hikari.pool.HikariPool - HikariPool-1 - Thread starvation or clock leap detected (housekeeper delta=2m16s37ms755µs600ns).
2024-06-27 14:18:33.823 [http-nio-8088-exec-7] ERROR com.sisi.control.utils.log.LogHelper - Exception:
Cannot parse null string
2024-06-27 14:21:32.511 [main] WARN  org.springframework.boot.autoconfigure.orm.jpa.JpaBaseConfiguration$JpaWebConfiguration - spring.jpa.open-in-view is enabled by default. Therefore, database queries may be performed during view rendering. Explicitly configure spring.jpa.open-in-view to disable this warning
2024-06-27 14:24:47.615 [HikariPool-1 housekeeper] WARN  com.zaxxer.hikari.pool.HikariPool - HikariPool-1 - Thread starvation or clock leap detected (housekeeper delta=1m45s143ms3µs900ns).
2024-06-27 14:24:47.624 [http-nio-8088-exec-2] ERROR com.sisi.control.utils.log.LogHelper - Exception:
JSON parse error: Cannot deserialize value of type `java.lang.String` from Array value (token `JsonToken.START_ARRAY`)
2024-06-27 14:33:55.994 [main] WARN  org.springframework.boot.autoconfigure.orm.jpa.JpaBaseConfiguration$JpaWebConfiguration - spring.jpa.open-in-view is enabled by default. Therefore, database queries may be performed during view rendering. Explicitly configure spring.jpa.open-in-view to disable this warning
2024-06-27 14:35:08.235 [main] WARN  org.springframework.boot.autoconfigure.orm.jpa.JpaBaseConfiguration$JpaWebConfiguration - spring.jpa.open-in-view is enabled by default. Therefore, database queries may be performed during view rendering. Explicitly configure spring.jpa.open-in-view to disable this warning
2024-06-27 14:35:52.247 [http-nio-8088-exec-2] ERROR com.sisi.control.utils.log.LogHelper - Exception:
JSON parse error: Cannot deserialize value of type `java.lang.String` from Array value (token `JsonToken.START_ARRAY`)
2024-06-27 14:37:35.816 [main] WARN  org.springframework.boot.autoconfigure.orm.jpa.JpaBaseConfiguration$JpaWebConfiguration - spring.jpa.open-in-view is enabled by default. Therefore, database queries may be performed during view rendering. Explicitly configure spring.jpa.open-in-view to disable this warning
2024-06-27 14:38:19.186 [http-nio-8088-exec-2] ERROR com.sisi.control.utils.log.LogHelper - Exception:
JSON parse error: Cannot deserialize value of type `java.util.Date` from String "2024/06/11": not a valid representation (error: Failed to parse Date value '2024/06/11': Cannot parse date "2024/06/11": not compatible with any of standard forms ("yyyy-MM-dd'T'HH:mm:ss.SSSX", "yyyy-MM-dd'T'HH:mm:ss.SSS", "EEE, dd MMM yyyy HH:mm:ss zzz", "yyyy-MM-dd"))
2024-06-27 14:39:35.438 [http-nio-8088-exec-3] ERROR com.sisi.control.utils.log.LogHelper - Exception:
JSON parse error: Cannot deserialize value of type `java.util.Date` from String "yyyy-06-We": not a valid representation (error: Failed to parse Date value 'yyyy-06-We': Cannot parse date "yyyy-06-We": not compatible with any of standard forms ("yyyy-MM-dd'T'HH:mm:ss.SSSX", "yyyy-MM-dd'T'HH:mm:ss.SSS", "EEE, dd MMM yyyy HH:mm:ss zzz", "yyyy-MM-dd"))
2024-06-27 15:06:21.075 [http-nio-8088-exec-10] ERROR com.sisi.control.utils.log.LogHelper - Exception:
Required request body is missing: public com.sisi.control.model.response.Response<com.sisi.control.model.PageView<com.sisi.control.model.task.TaskVo>> com.sisi.control.control.TaskControl.getList(com.sisi.control.model.task.TaskSearchParam)
2024-06-27 15:09:52.269 [http-nio-8088-exec-5] ERROR com.sisi.control.utils.log.LogHelper - Exception:
Request method 'POST' is not supported
2024-06-27 15:09:53.160 [http-nio-8088-exec-6] ERROR com.sisi.control.utils.log.LogHelper - Exception:
Request method 'POST' is not supported
2024-06-27 15:11:35.374 [main] WARN  org.springframework.boot.autoconfigure.orm.jpa.JpaBaseConfiguration$JpaWebConfiguration - spring.jpa.open-in-view is enabled by default. Therefore, database queries may be performed during view rendering. Explicitly configure spring.jpa.open-in-view to disable this warning
2024-06-27 15:11:45.004 [http-nio-8088-exec-5] ERROR com.sisi.control.utils.log.LogHelper - Exception:
Page size must not be less than one
2024-06-27 15:11:49.759 [http-nio-8088-exec-6] ERROR com.sisi.control.utils.log.LogHelper - Exception:
Page size must not be less than one
2024-06-27 15:15:23.024 [HikariPool-1 housekeeper] WARN  com.zaxxer.hikari.pool.HikariPool - HikariPool-1 - Thread starvation or clock leap detected (housekeeper delta=2m42s703ms276µs800ns).
2024-06-27 15:15:23.027 [http-nio-8088-exec-7] ERROR com.sisi.control.utils.log.LogHelper - Exception:
Page size must not be less than one
2024-06-27 15:15:29.724 [main] WARN  org.springframework.boot.autoconfigure.orm.jpa.JpaBaseConfiguration$JpaWebConfiguration - spring.jpa.open-in-view is enabled by default. Therefore, database queries may be performed during view rendering. Explicitly configure spring.jpa.open-in-view to disable this warning
2024-06-27 15:16:52.604 [main] WARN  org.springframework.boot.autoconfigure.orm.jpa.JpaBaseConfiguration$JpaWebConfiguration - spring.jpa.open-in-view is enabled by default. Therefore, database queries may be performed during view rendering. Explicitly configure spring.jpa.open-in-view to disable this warning
2024-06-27 15:17:52.000 [main] WARN  org.springframework.boot.autoconfigure.orm.jpa.JpaBaseConfiguration$JpaWebConfiguration - spring.jpa.open-in-view is enabled by default. Therefore, database queries may be performed during view rendering. Explicitly configure spring.jpa.open-in-view to disable this warning
2024-06-27 15:18:46.274 [HikariPool-1 housekeeper] WARN  com.zaxxer.hikari.pool.HikariPool - HikariPool-1 - Thread starvation or clock leap detected (housekeeper delta=54s967ms651µs500ns).
2024-06-27 15:20:24.075 [HikariPool-1 housekeeper] WARN  com.zaxxer.hikari.pool.HikariPool - HikariPool-1 - Thread starvation or clock leap detected (housekeeper delta=1m4s15ms480µs900ns).
2024-06-27 15:22:36.431 [HikariPool-1 housekeeper] WARN  com.zaxxer.hikari.pool.HikariPool - HikariPool-1 - Thread starvation or clock leap detected (housekeeper delta=59s51ms797µs700ns).
2024-06-27 15:23:24.633 [HikariPool-1 housekeeper] WARN  com.zaxxer.hikari.pool.HikariPool - HikariPool-1 - Thread starvation or clock leap detected (housekeeper delta=48s201ms179µs900ns).
2024-06-27 15:25:17.281 [HikariPool-1 housekeeper] WARN  com.zaxxer.hikari.pool.HikariPool - HikariPool-1 - Thread starvation or clock leap detected (housekeeper delta=50s369ms141µs500ns).
2024-06-27 15:27:32.631 [main] WARN  org.springframework.boot.autoconfigure.orm.jpa.JpaBaseConfiguration$JpaWebConfiguration - spring.jpa.open-in-view is enabled by default. Therefore, database queries may be performed during view rendering. Explicitly configure spring.jpa.open-in-view to disable this warning
2024-06-27 15:30:17.324 [main] WARN  org.springframework.boot.autoconfigure.orm.jpa.JpaBaseConfiguration$JpaWebConfiguration - spring.jpa.open-in-view is enabled by default. Therefore, database queries may be performed during view rendering. Explicitly configure spring.jpa.open-in-view to disable this warning
2024-06-27 15:33:33.046 [HikariPool-1 housekeeper] WARN  com.zaxxer.hikari.pool.HikariPool - HikariPool-1 - Thread starvation or clock leap detected (housekeeper delta=46s405ms35µs400ns).
2024-06-27 15:36:31.580 [main] WARN  org.springframework.boot.autoconfigure.orm.jpa.JpaBaseConfiguration$JpaWebConfiguration - spring.jpa.open-in-view is enabled by default. Therefore, database queries may be performed during view rendering. Explicitly configure spring.jpa.open-in-view to disable this warning
2024-06-27 15:49:15.177 [main] WARN  org.springframework.boot.autoconfigure.orm.jpa.JpaBaseConfiguration$JpaWebConfiguration - spring.jpa.open-in-view is enabled by default. Therefore, database queries may be performed during view rendering. Explicitly configure spring.jpa.open-in-view to disable this warning
2024-06-27 15:50:27.810 [HikariPool-1 housekeeper] WARN  com.zaxxer.hikari.pool.HikariPool - HikariPool-1 - Thread starvation or clock leap detected (housekeeper delta=1m13s775ms867µs400ns).
2024-06-27 15:52:12.613 [main] WARN  org.springframework.boot.autoconfigure.orm.jpa.JpaBaseConfiguration$JpaWebConfiguration - spring.jpa.open-in-view is enabled by default. Therefore, database queries may be performed during view rendering. Explicitly configure spring.jpa.open-in-view to disable this warning
2024-06-27 15:53:33.830 [main] WARN  org.springframework.boot.autoconfigure.orm.jpa.JpaBaseConfiguration$JpaWebConfiguration - spring.jpa.open-in-view is enabled by default. Therefore, database queries may be performed during view rendering. Explicitly configure spring.jpa.open-in-view to disable this warning
2024-06-27 15:54:16.604 [main] WARN  org.springframework.boot.autoconfigure.orm.jpa.JpaBaseConfiguration$JpaWebConfiguration - spring.jpa.open-in-view is enabled by default. Therefore, database queries may be performed during view rendering. Explicitly configure spring.jpa.open-in-view to disable this warning
2024-06-27 16:24:19.342 [main] WARN  org.springframework.boot.autoconfigure.orm.jpa.JpaBaseConfiguration$JpaWebConfiguration - spring.jpa.open-in-view is enabled by default. Therefore, database queries may be performed during view rendering. Explicitly configure spring.jpa.open-in-view to disable this warning
2024-06-27 16:40:33.373 [main] WARN  org.springframework.boot.autoconfigure.orm.jpa.JpaBaseConfiguration$JpaWebConfiguration - spring.jpa.open-in-view is enabled by default. Therefore, database queries may be performed during view rendering. Explicitly configure spring.jpa.open-in-view to disable this warning
